<?xml version="1.0" encoding="UTF-8"?>
<!-- Generated by org.testng.reporters.JUnitReportReporter -->
<testsuite hostname="LAPTOP-6EF2FPFC" failures="0" tests="10" name="testRunner.WebAutomationRunnerTestNG" time="114.136" errors="0" timestamp="2025-07-20T21:23:24 IST" skipped="0">
  <testcase classname="testRunner.WebAutomationRunnerTestNG" name="runScenario" time="10.118"/>
  <testcase classname="testRunner.WebAutomationRunnerTestNG" name="runScenario" time="6.847"/>
  <testcase classname="testRunner.WebAutomationRunnerTestNG" name="runScenario" time="6.105"/>
  <testcase classname="testRunner.WebAutomationRunnerTestNG" name="runScenario" time="19.535"/>
  <testcase classname="testRunner.WebAutomationRunnerTestNG" name="runScenario" time="8.042"/>
  <testcase classname="testRunner.WebAutomationRunnerTestNG" name="runScenario" time="16.744"/>
  <testcase classname="testRunner.WebAutomationRunnerTestNG" name="runScenario" time="12.263"/>
  <testcase classname="testRunner.WebAutomationRunnerTestNG" name="runScenario" time="7.629"/>
  <testcase classname="testRunner.WebAutomationRunnerTestNG" name="runScenario" time="7.772"/>
  <testcase classname="testRunner.WebAutomationRunnerTestNG" name="runScenario" time="19.081"/>
</testsuite> <!-- testRunner.WebAutomationRunnerTestNG -->
