<?xml version="1.0" encoding="UTF-8"?>
<!-- Generated by org.testng.reporters.JUnitReportReporter -->
<testsuite hostname="LAPTOP-6EF2FPFC" failures="0" tests="1" name="SeleniumFAQs.PdfReader" time="1.945" errors="0" timestamp="2025-08-02T13:14:05 IST" skipped="0">
  <testcase classname="SeleniumFAQs.PdfReader" name="pdfReaderText" time="1.945"/>
</testsuite> <!-- SeleniumFAQs.PdfReader -->
