<?xml version="1.0" encoding="UTF-8"?>
<!-- Generated by org.testng.reporters.JUnitReportReporter -->
<testsuite hostname="LAPTOP-6EF2FPFC" failures="0" tests="1" name="SeleniumFAQs.DropDowns" time="62.520" errors="0" timestamp="2025-08-02T15:08:29 IST" skipped="0">
  <testcase classname="SeleniumFAQs.DropDowns" name="MyTest" time="62.520"/>
</testsuite> <!-- SeleniumFAQs.DropDowns -->
